<?xml version="1.0" encoding="UTF-8"?>
<!-- Generated by org.testng.reporters.JUnitReportReporter -->
<testsuite hostname="DESKTOP-8D2QL46" failures="0" tests="1" name="com.assignment.Fourth" time="3.290" errors="0" timestamp="2024-05-05T16:53:58 IST" skipped="0">
  <testcase classname="com.assignment.Fourth" name="f" time="3.290"/>
  <system-out/>
</testsuite> <!-- com.assignment.Fourth -->
