<?xml version="1.0" encoding="UTF-8"?>
<!-- Generated by org.testng.reporters.JUnitReportReporter -->
<testsuite hostname="DESKTOP-8D2QL46" failures="0" tests="1" name="com.assignment.PoMsecondTestTest" time="1.292" errors="0" timestamp="2024-05-05T14:57:09 IST" skipped="0">
  <testcase classname="com.assignment.PoMsecondTestTest" name="f" time="1.292"/>
  <system-out/>
</testsuite> <!-- com.assignment.PoMsecondTestTest -->
