<?xml version="1.0" encoding="UTF-8"?>
<!-- Generated by org.testng.reporters.JUnitReportReporter -->
<testsuite hostname="DESKTOP-8D2QL46" failures="0" tests="1" name="com.assignment.fifth" time="3.372" errors="0" timestamp="2024-05-05T17:06:47 IST" skipped="0">
  <testcase classname="com.assignment.fifth" name="f" time="3.372"/>
  <system-out/>
</testsuite> <!-- com.assignment.fifth -->
